<?xml version="1.0" encoding="UTF-8"?>
<testsuite name="NumbersTest" tests="1" skipped="0" failures="0" errors="0" timestamp="2022-04-12T16:53:05" hostname="DESKTOP-1FLA0KV" time="2.749">
  <properties/>
  <testcase name="start" classname="NumbersTest" time="2.749"/>
  <system-out><![CDATA[?[1;31m
Start test 1?[0m
Welcome to Amazing Numbers!

Supported requests:
- enter a natural number to know its properties;
- enter two natural numbers to obtain the properties of the list:
  * the first parameter represents a starting number;
  * the second parameter shows how many consecutive numbers are to be printed;
- two natural numbers and a property to search for;
- two natural numbers and two properties to search for;
- separate the parameters with one space;
- enter 0 to exit.

Enter a request: > 0

Goodbye!
?[1;31m
Start test 2?[0m
Welcome to Amazing Numbers!

Supported requests:
- enter a natural number to know its properties;
- enter two natural numbers to obtain the properties of the list:
  * the first parameter represents a starting number;
  * the second parameter shows how many consecutive numbers are to be printed;
- two natural numbers and a property to search for;
- two natural numbers and two properties to search for;
- separate the parameters with one space;
- enter 0 to exit.

Enter a request: > -26

The first parameter should be a natural number or zero.

Enter a request: > 0

Goodbye!
?[1;31m
Start test 3?[0m
Welcome to Amazing Numbers!

Supported requests:
- enter a natural number to know its properties;
- enter two natural numbers to obtain the properties of the list:
  * the first parameter represents a starting number;
  * the second parameter shows how many consecutive numbers are to be printed;
- two natural numbers and a property to search for;
- two natural numbers and two properties to search for;
- separate the parameters with one space;
- enter 0 to exit.

Enter a request: > -17

The first parameter should be a natural number or zero.

Enter a request: > 0

Goodbye!
?[1;31m
Start test 4?[0m
Welcome to Amazing Numbers!

Supported requests:
- enter a natural number to know its properties;
- enter two natural numbers to obtain the properties of the list:
  * the first parameter represents a starting number;
  * the second parameter shows how many consecutive numbers are to be printed;
- two natural numbers and a property to search for;
- two natural numbers and two properties to search for;
- separate the parameters with one space;
- enter 0 to exit.

Enter a request: > -22

The first parameter should be a natural number or zero.

Enter a request: > 0

Goodbye!
?[1;31m
Start test 5?[0m
Welcome to Amazing Numbers!

Supported requests:
- enter a natural number to know its properties;
- enter two natural numbers to obtain the properties of the list:
  * the first parameter represents a starting number;
  * the second parameter shows how many consecutive numbers are to be printed;
- two natural numbers and a property to search for;
- two natural numbers and two properties to search for;
- separate the parameters with one space;
- enter 0 to exit.

Enter a request: > -49

The first parameter should be a natural number or zero.

Enter a request: > 0

Goodbye!
?[1;31m
Start test 6?[0m
Welcome to Amazing Numbers!

Supported requests:
- enter a natural number to know its properties;
- enter two natural numbers to obtain the properties of the list:
  * the first parameter represents a starting number;
  * the second parameter shows how many consecutive numbers are to be printed;
- two natural numbers and a property to search for;
- two natural numbers and two properties to search for;
- separate the parameters with one space;
- enter 0 to exit.

Enter a request: > -21

The first parameter should be a natural number or zero.

Enter a request: > 0

Goodbye!
?[1;31m
Start test 7?[0m
Welcome to Amazing Numbers!

Supported requests:
- enter a natural number to know its properties;
- enter two natural numbers to obtain the properties of the list:
  * the first parameter represents a starting number;
  * the second parameter shows how many consecutive numbers are to be printed;
- two natural numbers and a property to search for;
- two natural numbers and two properties to search for;
- separate the parameters with one space;
- enter 0 to exit.

Enter a request: > 20707 -29186

The second parameter should be a natural number.

Enter a request: > 0

Goodbye!
?[1;31m
Start test 8?[0m
Welcome to Amazing Numbers!

Supported requests:
- enter a natural number to know its properties;
- enter two natural numbers to obtain the properties of the list:
  * the first parameter represents a starting number;
  * the second parameter shows how many consecutive numbers are to be printed;
- two natural numbers and a property to search for;
- two natural numbers and two properties to search for;
- separate the parameters with one space;
- enter 0 to exit.

Enter a request: > 23985 -12774

The second parameter should be a natural number.

Enter a request: > 0

Goodbye!
?[1;31m
Start test 9?[0m
Welcome to Amazing Numbers!

Supported requests:
- enter a natural number to know its properties;
- enter two natural numbers to obtain the properties of the list:
  * the first parameter represents a starting number;
  * the second parameter shows how many consecutive numbers are to be printed;
- two natural numbers and a property to search for;
- two natural numbers and two properties to search for;
- separate the parameters with one space;
- enter 0 to exit.

Enter a request: > 15282 -22865

The second parameter should be a natural number.

Enter a request: > 0

Goodbye!
?[1;31m
Start test 10?[0m
Welcome to Amazing Numbers!

Supported requests:
- enter a natural number to know its properties;
- enter two natural numbers to obtain the properties of the list:
  * the first parameter represents a starting number;
  * the second parameter shows how many consecutive numbers are to be printed;
- two natural numbers and a property to search for;
- two natural numbers and two properties to search for;
- separate the parameters with one space;
- enter 0 to exit.

Enter a request: > 9319 -23658

The second parameter should be a natural number.

Enter a request: > 0

Goodbye!
?[1;31m
Start test 11?[0m
Welcome to Amazing Numbers!

Supported requests:
- enter a natural number to know its properties;
- enter two natural numbers to obtain the properties of the list:
  * the first parameter represents a starting number;
  * the second parameter shows how many consecutive numbers are to be printed;
- two natural numbers and a property to search for;
- two natural numbers and two properties to search for;
- separate the parameters with one space;
- enter 0 to exit.

Enter a request: > 401 -11930

The second parameter should be a natural number.

Enter a request: > 0

Goodbye!
?[1;31m
Start test 12?[0m
Welcome to Amazing Numbers!

Supported requests:
- enter a natural number to know its properties;
- enter two natural numbers to obtain the properties of the list:
  * the first parameter represents a starting number;
  * the second parameter shows how many consecutive numbers are to be printed;
- two natural numbers and a property to search for;
- two natural numbers and two properties to search for;
- separate the parameters with one space;
- enter 0 to exit.

Enter a request: > 6420 -7999

The second parameter should be a natural number.

Enter a request: > 0

Goodbye!
?[1;31m
Start test 13?[0m
Welcome to Amazing Numbers!

Supported requests:
- enter a natural number to know its properties;
- enter two natural numbers to obtain the properties of the list:
  * the first parameter represents a starting number;
  * the second parameter shows how many consecutive numbers are to be printed;
- two natural numbers and a property to search for;
- two natural numbers and two properties to search for;
- separate the parameters with one space;
- enter 0 to exit.

Enter a request: > 10885 -13196

The second parameter should be a natural number.

Enter a request: > 0

Goodbye!
?[1;31m
Start test 14?[0m
Welcome to Amazing Numbers!

Supported requests:
- enter a natural number to know its properties;
- enter two natural numbers to obtain the properties of the list:
  * the first parameter represents a starting number;
  * the second parameter shows how many consecutive numbers are to be printed;
- two natural numbers and a property to search for;
- two natural numbers and two properties to search for;
- separate the parameters with one space;
- enter 0 to exit.

Enter a request: > 24608 -19798

The second parameter should be a natural number.

Enter a request: > 0

Goodbye!
?[1;31m
Start test 15?[0m
Welcome to Amazing Numbers!

Supported requests:
- enter a natural number to know its properties;
- enter two natural numbers to obtain the properties of the list:
  * the first parameter represents a starting number;
  * the second parameter shows how many consecutive numbers are to be printed;
- two natural numbers and a property to search for;
- two natural numbers and two properties to search for;
- separate the parameters with one space;
- enter 0 to exit.

Enter a request: > 12944 -2945

The second parameter should be a natural number.

Enter a request: > 0

Goodbye!
?[1;31m
Start test 16?[0m
Welcome to Amazing Numbers!

Supported requests:
- enter a natural number to know its properties;
- enter two natural numbers to obtain the properties of the list:
  * the first parameter represents a starting number;
  * the second parameter shows how many consecutive numbers are to be printed;
- two natural numbers and a property to search for;
- two natural numbers and two properties to search for;
- separate the parameters with one space;
- enter 0 to exit.

Enter a request: > 32169 -11092

The second parameter should be a natural number.

Enter a request: > 0

Goodbye!
?[1;31m
Start test 17?[0m
Welcome to Amazing Numbers!

Supported requests:
- enter a natural number to know its properties;
- enter two natural numbers to obtain the properties of the list:
  * the first parameter represents a starting number;
  * the second parameter shows how many consecutive numbers are to be printed;
- two natural numbers and a property to search for;
- two natural numbers and two properties to search for;
- separate the parameters with one space;
- enter 0 to exit.

Enter a request: > 1

Properties of 1
	even: false
	odd: true
	buzz: false
	duck: false
	palindromic: true
	gapful: false
	spy: true
	square: true
	sunny: false

Enter a request: > 2

Properties of 2
	even: true
	odd: false
	buzz: false
	duck: false
	palindromic: true
	gapful: false
	spy: true
	square: false
	sunny: false

Enter a request: > 3

Properties of 3
	even: false
	odd: true
	buzz: false
	duck: false
	palindromic: true
	gapful: false
	spy: true
	square: false
	sunny: true

Enter a request: > 4

Properties of 4
	even: true
	odd: false
	buzz: false
	duck: false
	palindromic: true
	gapful: false
	spy: true
	square: true
	sunny: false

Enter a request: > 5

Properties of 5
	even: false
	odd: true
	buzz: false
	duck: false
	palindromic: true
	gapful: false
	spy: true
	square: false
	sunny: false

Enter a request: > 6

Properties of 6
	even: true
	odd: false
	buzz: false
	duck: false
	palindromic: true
	gapful: false
	spy: true
	square: false
	sunny: false

Enter a request: > 7

Properties of 7
	even: false
	odd: true
	buzz: true
	duck: false
	palindromic: true
	gapful: false
	spy: true
	square: false
	sunny: false

Enter a request: > 8

Properties of 8
	even: true
	odd: false
	buzz: false
	duck: false
	palindromic: true
	gapful: false
	spy: true
	square: false
	sunny: true

Enter a request: > 9

Properties of 9
	even: false
	odd: true
	buzz: false
	duck: false
	palindromic: true
	gapful: false
	spy: true
	square: true
	sunny: false

Enter a request: > 10

Properties of 10
	even: true
	odd: false
	buzz: false
	duck: true
	palindromic: false
	gapful: false
	spy: false
	square: false
	sunny: false

Enter a request: > 11

Properties of 11
	even: false
	odd: true
	buzz: false
	duck: false
	palindromic: true
	gapful: false
	spy: false
	square: false
	sunny: false

Enter a request: > 12

Properties of 12
	even: true
	odd: false
	buzz: false
	duck: false
	palindromic: false
	gapful: false
	spy: false
	square: false
	sunny: false

Enter a request: > 13

Properties of 13
	even: false
	odd: true
	buzz: false
	duck: false
	palindromic: false
	gapful: false
	spy: false
	square: false
	sunny: false

Enter a request: > 14

Properties of 14
	even: true
	odd: false
	buzz: true
	duck: false
	palindromic: false
	gapful: false
	spy: false
	square: false
	sunny: false

Enter a request: > 1570096888056979962

Properties of 1,570,096,888,056,979,962
	even: true
	odd: false
	buzz: false
	duck: true
	palindromic: false
	gapful: false
	spy: false
	square: false
	sunny: false

Enter a request: > 1253516650817848635

Properties of 1,253,516,650,817,848,635
	even: false
	odd: true
	buzz: false
	duck: true
	palindromic: false
	gapful: true
	spy: false
	square: false
	sunny: false

Enter a request: > 1173061192259305288

Properties of 1,173,061,192,259,305,288
	even: true
	odd: false
	buzz: false
	duck: true
	palindromic: false
	gapful: false
	spy: false
	square: false
	sunny: false

Enter a request: > 4998262458897222311

Properties of 4,998,262,458,897,222,311
	even: false
	odd: true
	buzz: false
	duck: false
	palindromic: false
	gapful: false
	spy: false
	square: false
	sunny: false

Enter a request: > 2542847547254772834

Properties of 2,542,847,547,254,772,834
	even: true
	odd: false
	buzz: false
	duck: false
	palindromic: false
	gapful: false
	spy: false
	square: false
	sunny: false

Enter a request: > 3389499651303602189

Properties of 3,389,499,651,303,602,189
	even: false
	odd: true
	buzz: false
	duck: true
	palindromic: false
	gapful: false
	spy: false
	square: false
	sunny: false

Enter a request: > 9078998430367187830

Properties of 9,078,998,430,367,187,830
	even: true
	odd: false
	buzz: false
	duck: true
	palindromic: false
	gapful: false
	spy: false
	square: false
	sunny: false

Enter a request: > 124294929419279636

Properties of 124,294,929,419,279,636
	even: true
	odd: false
	buzz: false
	duck: false
	palindromic: false
	gapful: false
	spy: false
	square: false
	sunny: false

Enter a request: > 7103694170822307950

Properties of 7,103,694,170,822,307,950
	even: true
	odd: false
	buzz: false
	duck: true
	palindromic: false
	gapful: false
	spy: false
	square: false
	sunny: false

Enter a request: > 3466155957604505802

Properties of 3,466,155,957,604,505,802
	even: true
	odd: false
	buzz: true
	duck: true
	palindromic: false
	gapful: false
	spy: false
	square: false
	sunny: false

Enter a request: > 0

Goodbye!
?[1;31m
Start test 18?[0m
Welcome to Amazing Numbers!

Supported requests:
- enter a natural number to know its properties;
- enter two natural numbers to obtain the properties of the list:
  * the first parameter represents a starting number;
  * the second parameter shows how many consecutive numbers are to be printed;
- two natural numbers and a property to search for;
- two natural numbers and two properties to search for;
- separate the parameters with one space;
- enter 0 to exit.

Enter a request: > 1 15

1 is odd, palindromic, spy, square
2 is even, palindromic, spy
3 is odd, palindromic, spy, sunny
4 is even, palindromic, spy, square
5 is odd, palindromic, spy
6 is even, palindromic, spy
7 is odd, buzz, palindromic, spy
8 is even, palindromic, spy, sunny
9 is odd, palindromic, spy, square
10 is even, duck
11 is odd, palindromic
12 is even
13 is odd
14 is even, buzz
15 is odd, sunny
Enter a request: > 0

Goodbye!
?[1;31m
Start test 19?[0m
Welcome to Amazing Numbers!

Supported requests:
- enter a natural number to know its properties;
- enter two natural numbers to obtain the properties of the list:
  * the first parameter represents a starting number;
  * the second parameter shows how many consecutive numbers are to be printed;
- two natural numbers and a property to search for;
- two natural numbers and two properties to search for;
- separate the parameters with one space;
- enter 0 to exit.

Enter a request: > 7460899540030316577 4

7460899540030316577 is odd, buzz, duck
7460899540030316578 is even, duck
7460899540030316579 is odd, duck
7460899540030316580 is even, duck
Enter a request: > 0

Goodbye!
?[1;31m
Start test 20?[0m
Welcome to Amazing Numbers!

Supported requests:
- enter a natural number to know its properties;
- enter two natural numbers to obtain the properties of the list:
  * the first parameter represents a starting number;
  * the second parameter shows how many consecutive numbers are to be printed;
- two natural numbers and a property to search for;
- two natural numbers and two properties to search for;
- separate the parameters with one space;
- enter 0 to exit.

Enter a request: > 2437494807753009444 18

2437494807753009444 is even, duck
2437494807753009445 is odd, buzz, duck
2437494807753009446 is even, duck, gapful
2437494807753009447 is odd, buzz, duck
2437494807753009448 is even, duck
2437494807753009449 is odd, duck
2437494807753009450 is even, duck
2437494807753009451 is odd, duck
2437494807753009452 is even, buzz, duck
2437494807753009453 is odd, duck
2437494807753009454 is even, duck
2437494807753009455 is odd, duck
2437494807753009456 is even, duck
2437494807753009457 is odd, buzz, duck
2437494807753009458 is even, duck
2437494807753009459 is odd, buzz, duck
2437494807753009460 is even, duck, gapful
2437494807753009461 is odd, duck
Enter a request: > 0

Goodbye!
?[1;31m
Start test 21?[0m
Welcome to Amazing Numbers!

Supported requests:
- enter a natural number to know its properties;
- enter two natural numbers to obtain the properties of the list:
  * the first parameter represents a starting number;
  * the second parameter shows how many consecutive numbers are to be printed;
- two natural numbers and a property to search for;
- two natural numbers and two properties to search for;
- separate the parameters with one space;
- enter 0 to exit.

Enter a request: > 8849187930668313717 9

8849187930668313717 is odd, buzz, duck
8849187930668313718 is even, buzz, duck
8849187930668313719 is odd, duck
8849187930668313720 is even, duck
8849187930668313721 is odd, duck
8849187930668313722 is even, duck
8849187930668313723 is odd, duck
8849187930668313724 is even, duck
8849187930668313725 is odd, buzz, duck
Enter a request: > 0

Goodbye!
?[1;31m
Start test 22?[0m
Welcome to Amazing Numbers!

Supported requests:
- enter a natural number to know its properties;
- enter two natural numbers to obtain the properties of the list:
  * the first parameter represents a starting number;
  * the second parameter shows how many consecutive numbers are to be printed;
- two natural numbers and a property to search for;
- two natural numbers and two properties to search for;
- separate the parameters with one space;
- enter 0 to exit.

Enter a request: > 1760108225662163014 6

1760108225662163014 is even, duck
1760108225662163015 is odd, duck
1760108225662163016 is even, duck
1760108225662163017 is odd, buzz, duck
1760108225662163018 is even, duck
1760108225662163019 is odd, duck
Enter a request: > 0

Goodbye!
?[1;31m
Start test 23?[0m
Welcome to Amazing Numbers!

Supported requests:
- enter a natural number to know its properties;
- enter two natural numbers to obtain the properties of the list:
  * the first parameter represents a starting number;
  * the second parameter shows how many consecutive numbers are to be printed;
- two natural numbers and a property to search for;
- two natural numbers and two properties to search for;
- separate the parameters with one space;
- enter 0 to exit.

Enter a request: > 5603603013629795923 1

5603603013629795923 is odd, buzz, duck
Enter a request: > 0

Goodbye!
?[1;31m
Start test 24?[0m
Welcome to Amazing Numbers!

Supported requests:
- enter a natural number to know its properties;
- enter two natural numbers to obtain the properties of the list:
  * the first parameter represents a starting number;
  * the second parameter shows how many consecutive numbers are to be printed;
- two natural numbers and a property to search for;
- two natural numbers and two properties to search for;
- separate the parameters with one space;
- enter 0 to exit.

Enter a request: > 7916287292432253829 11

7916287292432253829 is odd
7916287292432253830 is even, duck
7916287292432253831 is odd
7916287292432253832 is even
7916287292432253833 is odd, buzz
7916287292432253834 is even
7916287292432253835 is odd
7916287292432253836 is even
7916287292432253837 is odd, buzz
7916287292432253838 is even
7916287292432253839 is odd
Enter a request: > 0

Goodbye!
?[1;31m
Start test 25?[0m
Welcome to Amazing Numbers!

Supported requests:
- enter a natural number to know its properties;
- enter two natural numbers to obtain the properties of the list:
  * the first parameter represents a starting number;
  * the second parameter shows how many consecutive numbers are to be printed;
- two natural numbers and a property to search for;
- two natural numbers and two properties to search for;
- separate the parameters with one space;
- enter 0 to exit.

Enter a request: > 6412408033319581405 11

6412408033319581405 is odd, buzz, duck
6412408033319581406 is even, duck
6412408033319581407 is odd, buzz, duck
6412408033319581408 is even, duck
6412408033319581409 is odd, duck
6412408033319581410 is even, duck
6412408033319581411 is odd, duck
6412408033319581412 is even, buzz, duck
6412408033319581413 is odd, duck
6412408033319581414 is even, duck
6412408033319581415 is odd, duck
Enter a request: > 0

Goodbye!
?[1;31m
Start test 26?[0m
Welcome to Amazing Numbers!

Supported requests:
- enter a natural number to know its properties;
- enter two natural numbers to obtain the properties of the list:
  * the first parameter represents a starting number;
  * the second parameter shows how many consecutive numbers are to be printed;
- two natural numbers and a property to search for;
- two natural numbers and two properties to search for;
- separate the parameters with one space;
- enter 0 to exit.

Enter a request: > 1067553801607228975 15

1067553801607228975 is odd, duck
1067553801607228976 is even, duck, gapful
1067553801607228977 is odd, buzz, duck
1067553801607228978 is even, buzz, duck
1067553801607228979 is odd, duck
1067553801607228980 is even, duck, gapful
1067553801607228981 is odd, duck
1067553801607228982 is even, duck
1067553801607228983 is odd, duck
1067553801607228984 is even, duck
1067553801607228985 is odd, buzz, duck
1067553801607228986 is even, duck
1067553801607228987 is odd, buzz, duck
1067553801607228988 is even, duck
1067553801607228989 is odd, duck
Enter a request: > 0

Goodbye!
?[1;31m
Start test 27?[0m
Welcome to Amazing Numbers!

Supported requests:
- enter a natural number to know its properties;
- enter two natural numbers to obtain the properties of the list:
  * the first parameter represents a starting number;
  * the second parameter shows how many consecutive numbers are to be printed;
- two natural numbers and a property to search for;
- two natural numbers and two properties to search for;
- separate the parameters with one space;
- enter 0 to exit.

Enter a request: > 8100445814979792005 9

8100445814979792005 is odd, duck
8100445814979792006 is even, duck
8100445814979792007 is odd, buzz, duck
8100445814979792008 is even, buzz, duck
8100445814979792009 is odd, duck
8100445814979792010 is even, duck
8100445814979792011 is odd, duck
8100445814979792012 is even, duck
8100445814979792013 is odd, duck
Enter a request: > 0

Goodbye!
?[1;31m
Start test 28?[0m
Welcome to Amazing Numbers!

Supported requests:
- enter a natural number to know its properties;
- enter two natural numbers to obtain the properties of the list:
  * the first parameter represents a starting number;
  * the second parameter shows how many consecutive numbers are to be printed;
- two natural numbers and a property to search for;
- two natural numbers and two properties to search for;
- separate the parameters with one space;
- enter 0 to exit.

Enter a request: > 3637374559481180565 7

3637374559481180565 is odd, duck
3637374559481180566 is even, duck
3637374559481180567 is odd, buzz, duck
3637374559481180568 is even, duck
3637374559481180569 is odd, duck
3637374559481180570 is even, duck
3637374559481180571 is odd, duck, gapful
Enter a request: > 0

Goodbye!
?[1;31m
Start test 29?[0m
Welcome to Amazing Numbers!

Supported requests:
- enter a natural number to know its properties;
- enter two natural numbers to obtain the properties of the list:
  * the first parameter represents a starting number;
  * the second parameter shows how many consecutive numbers are to be printed;
- two natural numbers and a property to search for;
- two natural numbers and two properties to search for;
- separate the parameters with one space;
- enter 0 to exit.

Enter a request: > 1 10 May

The property [MAY] is wrong.
Available properties: [BUZZ, DUCK, PALINDROMIC, GAPFUL, SPY, EVEN, ODD, SQUARE, SUNNY]

Enter a request: > 0

Goodbye!
?[1;31m
Start test 30?[0m
Welcome to Amazing Numbers!

Supported requests:
- enter a natural number to know its properties;
- enter two natural numbers to obtain the properties of the list:
  * the first parameter represents a starting number;
  * the second parameter shows how many consecutive numbers are to be printed;
- two natural numbers and a property to search for;
- two natural numbers and two properties to search for;
- separate the parameters with one space;
- enter 0 to exit.

Enter a request: > 40 2 bay

The property [BAY] is wrong.
Available properties: [BUZZ, DUCK, PALINDROMIC, GAPFUL, SPY, EVEN, ODD, SQUARE, SUNNY]

Enter a request: > 0

Goodbye!
?[1;31m
Start test 31?[0m
Welcome to Amazing Numbers!

Supported requests:
- enter a natural number to know its properties;
- enter two natural numbers to obtain the properties of the list:
  * the first parameter represents a starting number;
  * the second parameter shows how many consecutive numbers are to be printed;
- two natural numbers and a property to search for;
- two natural numbers and two properties to search for;
- separate the parameters with one space;
- enter 0 to exit.

Enter a request: > 37 4 8

The property [8] is wrong.
Available properties: [BUZZ, DUCK, PALINDROMIC, GAPFUL, SPY, EVEN, ODD, SQUARE, SUNNY]

Enter a request: > 0

Goodbye!
?[1;31m
Start test 32?[0m
Welcome to Amazing Numbers!

Supported requests:
- enter a natural number to know its properties;
- enter two natural numbers to obtain the properties of the list:
  * the first parameter represents a starting number;
  * the second parameter shows how many consecutive numbers are to be printed;
- two natural numbers and a property to search for;
- two natural numbers and two properties to search for;
- separate the parameters with one space;
- enter 0 to exit.

Enter a request: > 67 2 day

The property [DAY] is wrong.
Available properties: [BUZZ, DUCK, PALINDROMIC, GAPFUL, SPY, EVEN, ODD, SQUARE, SUNNY]

Enter a request: > 0

Goodbye!
?[1;31m
Start test 33?[0m
Welcome to Amazing Numbers!

Supported requests:
- enter a natural number to know its properties;
- enter two natural numbers to obtain the properties of the list:
  * the first parameter represents a starting number;
  * the second parameter shows how many consecutive numbers are to be printed;
- two natural numbers and a property to search for;
- two natural numbers and two properties to search for;
- separate the parameters with one space;
- enter 0 to exit.

Enter a request: > 2 54 Prime

The property [PRIME] is wrong.
Available properties: [BUZZ, DUCK, PALINDROMIC, GAPFUL, SPY, EVEN, ODD, SQUARE, SUNNY]

Enter a request: > 0

Goodbye!
?[1;31m
Start test 34?[0m
Welcome to Amazing Numbers!

Supported requests:
- enter a natural number to know its properties;
- enter two natural numbers to obtain the properties of the list:
  * the first parameter represents a starting number;
  * the second parameter shows how many consecutive numbers are to be printed;
- two natural numbers and a property to search for;
- two natural numbers and two properties to search for;
- separate the parameters with one space;
- enter 0 to exit.

Enter a request: > 6 8 ...

The property [...] is wrong.
Available properties: [BUZZ, DUCK, PALINDROMIC, GAPFUL, SPY, EVEN, ODD, SQUARE, SUNNY]

Enter a request: > 0

Goodbye!
?[1;31m
Start test 35?[0m
Welcome to Amazing Numbers!

Supported requests:
- enter a natural number to know its properties;
- enter two natural numbers to obtain the properties of the list:
  * the first parameter represents a starting number;
  * the second parameter shows how many consecutive numbers are to be printed;
- two natural numbers and a property to search for;
- two natural numbers and two properties to search for;
- separate the parameters with one space;
- enter 0 to exit.

Enter a request: > 5 9 none

The property [NONE] is wrong.
Available properties: [BUZZ, DUCK, PALINDROMIC, GAPFUL, SPY, EVEN, ODD, SQUARE, SUNNY]

Enter a request: > 0

Goodbye!
?[1;31m
Start test 36?[0m
Welcome to Amazing Numbers!

Supported requests:
- enter a natural number to know its properties;
- enter two natural numbers to obtain the properties of the list:
  * the first parameter represents a starting number;
  * the second parameter shows how many consecutive numbers are to be printed;
- two natural numbers and a property to search for;
- two natural numbers and two properties to search for;
- separate the parameters with one space;
- enter 0 to exit.

Enter a request: > 1 10 BUZZ

7 is odd, buzz, palindromic, spy
14 is even, buzz
17 is odd, buzz
21 is odd, buzz
27 is odd, buzz
28 is even, buzz
35 is odd, buzz, sunny
37 is odd, buzz
42 is even, buzz
47 is odd, buzz
Enter a request: > 1 10 DUCK

10 is even, duck
20 is even, duck
30 is even, duck
40 is even, duck
50 is even, duck
60 is even, duck
70 is even, buzz, duck
80 is even, duck, sunny
90 is even, duck
100 is even, duck, gapful, square
Enter a request: > 1 10 PALINDROMIC

1 is odd, palindromic, spy, square
2 is even, palindromic, spy
3 is odd, palindromic, spy, sunny
4 is even, palindromic, spy, square
5 is odd, palindromic, spy
6 is even, palindromic, spy
7 is odd, buzz, palindromic, spy
8 is even, palindromic, spy, sunny
9 is odd, palindromic, spy, square
11 is odd, palindromic
Enter a request: > 1 10 GAPFUL

100 is even, duck, gapful, square
105 is odd, buzz, duck, gapful
108 is even, duck, gapful
110 is even, duck, gapful
120 is even, duck, gapful, sunny
121 is odd, palindromic, gapful, square
130 is even, duck, gapful
132 is even, gapful, spy
135 is odd, gapful
140 is even, buzz, duck, gapful
Enter a request: > 1 10 SPY

1 is odd, palindromic, spy, square
2 is even, palindromic, spy
3 is odd, palindromic, spy, sunny
4 is even, palindromic, spy, square
5 is odd, palindromic, spy
6 is even, palindromic, spy
7 is odd, buzz, palindromic, spy
8 is even, palindromic, spy, sunny
9 is odd, palindromic, spy, square
22 is even, palindromic, spy
Enter a request: > 1 10 SQUARE

1 is odd, palindromic, spy, square
4 is even, palindromic, spy, square
9 is odd, palindromic, spy, square
16 is even, square
25 is odd, square
36 is even, square
49 is odd, buzz, square
64 is even, square
81 is odd, square
100 is even, duck, gapful, square
Enter a request: > 1 10 SUNNY

3 is odd, palindromic, spy, sunny
8 is even, palindromic, spy, sunny
15 is odd, sunny
24 is even, sunny
35 is odd, buzz, sunny
48 is even, sunny
63 is odd, buzz, sunny
80 is even, duck, sunny
99 is odd, palindromic, sunny
120 is even, duck, gapful, sunny
Enter a request: > 1 10 EVEN

2 is even, palindromic, spy
4 is even, palindromic, spy, square
6 is even, palindromic, spy
8 is even, palindromic, spy, sunny
10 is even, duck
12 is even
14 is even, buzz
16 is even, square
18 is even
20 is even, duck
Enter a request: > 1 10 ODD

1 is odd, palindromic, spy, square
3 is odd, palindromic, spy, sunny
5 is odd, palindromic, spy
7 is odd, buzz, palindromic, spy
9 is odd, palindromic, spy, square
11 is odd, palindromic
13 is odd
15 is odd, sunny
17 is odd, buzz
19 is odd
Enter a request: > 0

Goodbye!
?[1;31m
Start test 37?[0m
Welcome to Amazing Numbers!

Supported requests:
- enter a natural number to know its properties;
- enter two natural numbers to obtain the properties of the list:
  * the first parameter represents a starting number;
  * the second parameter shows how many consecutive numbers are to be printed;
- two natural numbers and a property to search for;
- two natural numbers and two properties to search for;
- separate the parameters with one space;
- enter 0 to exit.

Enter a request: > 27358 12 DUCK

27360 is even, duck, gapful
27370 is even, buzz, duck
27380 is even, duck, gapful
27390 is even, duck
27400 is even, duck, gapful
27401 is odd, duck
27402 is even, duck
27403 is odd, duck
27404 is even, duck
27405 is odd, buzz, duck
27406 is even, duck
27407 is odd, buzz, duck
Enter a request: > 0

Goodbye!
?[1;31m
Start test 38?[0m
Welcome to Amazing Numbers!

Supported requests:
- enter a natural number to know its properties;
- enter two natural numbers to obtain the properties of the list:
  * the first parameter represents a starting number;
  * the second parameter shows how many consecutive numbers are to be printed;
- two natural numbers and a property to search for;
- two natural numbers and two properties to search for;
- separate the parameters with one space;
- enter 0 to exit.

Enter a request: > 814 18 BUZZ

817 is odd, buzz
819 is odd, buzz
826 is even, buzz
827 is odd, buzz
833 is odd, buzz
837 is odd, buzz
840 is even, buzz, duck, sunny
847 is odd, buzz
854 is even, buzz
857 is odd, buzz
861 is odd, buzz
867 is odd, buzz
868 is even, buzz, palindromic
875 is odd, buzz
877 is odd, buzz
882 is even, buzz
887 is odd, buzz
889 is odd, buzz
Enter a request: > 0

Goodbye!
?[1;31m
Start test 39?[0m
Welcome to Amazing Numbers!

Supported requests:
- enter a natural number to know its properties;
- enter two natural numbers to obtain the properties of the list:
  * the first parameter represents a starting number;
  * the second parameter shows how many consecutive numbers are to be printed;
- two natural numbers and a property to search for;
- two natural numbers and two properties to search for;
- separate the parameters with one space;
- enter 0 to exit.

Enter a request: > 3336 4 EVEN

3336 is even
3338 is even
3340 is even, duck
3342 is even
Enter a request: > 0

Goodbye!
?[1;31m
Start test 40?[0m
Welcome to Amazing Numbers!

Supported requests:
- enter a natural number to know its properties;
- enter two natural numbers to obtain the properties of the list:
  * the first parameter represents a starting number;
  * the second parameter shows how many consecutive numbers are to be printed;
- two natural numbers and a property to search for;
- two natural numbers and two properties to search for;
- separate the parameters with one space;
- enter 0 to exit.

Enter a request: > 8208 10 SQUARE

8281 is odd, buzz, square
8464 is even, square
8649 is odd, square
8836 is even, square
9025 is odd, duck, gapful, square
9216 is even, gapful, square
9409 is odd, duck, square
9604 is even, buzz, duck, square
9801 is odd, duck, square
10000 is even, duck, gapful, square
Enter a request: > 0

Goodbye!
?[1;31m
Start test 41?[0m
Welcome to Amazing Numbers!

Supported requests:
- enter a natural number to know its properties;
- enter two natural numbers to obtain the properties of the list:
  * the first parameter represents a starting number;
  * the second parameter shows how many consecutive numbers are to be printed;
- two natural numbers and a property to search for;
- two natural numbers and two properties to search for;
- separate the parameters with one space;
- enter 0 to exit.

Enter a request: > 6861 12 GAPFUL

6868 is even, gapful
6882 is even, gapful
6900 is even, duck, gapful
6955 is odd, gapful
6960 is even, duck, gapful
6969 is odd, gapful
6993 is odd, buzz, gapful
6996 is even, palindromic, gapful
7000 is even, buzz, duck, gapful
7007 is odd, buzz, duck, palindromic, gapful
7070 is even, buzz, duck, gapful
7098 is even, buzz, duck, gapful
Enter a request: > 0

Goodbye!
?[1;31m
Start test 42?[0m
Welcome to Amazing Numbers!

Supported requests:
- enter a natural number to know its properties;
- enter two natural numbers to obtain the properties of the list:
  * the first parameter represents a starting number;
  * the second parameter shows how many consecutive numbers are to be printed;
- two natural numbers and a property to search for;
- two natural numbers and two properties to search for;
- separate the parameters with one space;
- enter 0 to exit.

Enter a request: > 11438 11 EVEN

11438 is even, buzz
11440 is even, duck, gapful
11442 is even
11444 is even
11446 is even
11448 is even, gapful, sunny
11450 is even, duck, gapful
11452 is even, buzz
11454 is even
11456 is even, gapful
11458 is even
Enter a request: > 0

Goodbye!
?[1;31m
Start test 43?[0m
Welcome to Amazing Numbers!

Supported requests:
- enter a natural number to know its properties;
- enter two natural numbers to obtain the properties of the list:
  * the first parameter represents a starting number;
  * the second parameter shows how many consecutive numbers are to be printed;
- two natural numbers and a property to search for;
- two natural numbers and two properties to search for;
- separate the parameters with one space;
- enter 0 to exit.

Enter a request: > 27591 1 SUNNY

27888 is even, buzz, gapful, sunny
Enter a request: > 0

Goodbye!
?[1;31m
Start test 44?[0m
Welcome to Amazing Numbers!

Supported requests:
- enter a natural number to know its properties;
- enter two natural numbers to obtain the properties of the list:
  * the first parameter represents a starting number;
  * the second parameter shows how many consecutive numbers are to be printed;
- two natural numbers and a property to search for;
- two natural numbers and two properties to search for;
- separate the parameters with one space;
- enter 0 to exit.

Enter a request: > 259 5 SUNNY

288 is even, sunny
323 is odd, palindromic, sunny
360 is even, duck, gapful, sunny
399 is odd, buzz, sunny
440 is even, duck, gapful, sunny
Enter a request: > 0

Goodbye!
?[1;31m
Start test 45?[0m
Welcome to Amazing Numbers!

Supported requests:
- enter a natural number to know its properties;
- enter two natural numbers to obtain the properties of the list:
  * the first parameter represents a starting number;
  * the second parameter shows how many consecutive numbers are to be printed;
- two natural numbers and a property to search for;
- two natural numbers and two properties to search for;
- separate the parameters with one space;
- enter 0 to exit.

Enter a request: > 19357 3 SQUARE

19600 is even, buzz, duck, gapful, square
19881 is odd, square
20164 is even, duck, square
Enter a request: > 0

Goodbye!
?[1;31m
Start test 46?[0m
Welcome to Amazing Numbers!

Supported requests:
- enter a natural number to know its properties;
- enter two natural numbers to obtain the properties of the list:
  * the first parameter represents a starting number;
  * the second parameter shows how many consecutive numbers are to be printed;
- two natural numbers and a property to search for;
- two natural numbers and two properties to search for;
- separate the parameters with one space;
- enter 0 to exit.

Enter a request: > 13908 3 EVEN

13908 is even, duck
13910 is even, duck, gapful
13912 is even
Enter a request: > 0

Goodbye!
?[1;31m
Start test 47?[0m
Welcome to Amazing Numbers!

Supported requests:
- enter a natural number to know its properties;
- enter two natural numbers to obtain the properties of the list:
  * the first parameter represents a starting number;
  * the second parameter shows how many consecutive numbers are to be printed;
- two natural numbers and a property to search for;
- two natural numbers and two properties to search for;
- separate the parameters with one space;
- enter 0 to exit.

Enter a request: > 1 10 odd girl

The property [GIRL] is wrong.
Available properties: [BUZZ, DUCK, PALINDROMIC, GAPFUL, SPY, EVEN, ODD, SQUARE, SUNNY]

Enter a request: > 0

Goodbye!
?[1;31m
Start test 48?[0m
Welcome to Amazing Numbers!

Supported requests:
- enter a natural number to know its properties;
- enter two natural numbers to obtain the properties of the list:
  * the first parameter represents a starting number;
  * the second parameter shows how many consecutive numbers are to be printed;
- two natural numbers and a property to search for;
- two natural numbers and two properties to search for;
- separate the parameters with one space;
- enter 0 to exit.

Enter a request: > 40 2 even day

The property [DAY] is wrong.
Available properties: [BUZZ, DUCK, PALINDROMIC, GAPFUL, SPY, EVEN, ODD, SQUARE, SUNNY]

Enter a request: > 0

Goodbye!
?[1;31m
Start test 49?[0m
Welcome to Amazing Numbers!

Supported requests:
- enter a natural number to know its properties;
- enter two natural numbers to obtain the properties of the list:
  * the first parameter represents a starting number;
  * the second parameter shows how many consecutive numbers are to be printed;
- two natural numbers and a property to search for;
- two natural numbers and two properties to search for;
- separate the parameters with one space;
- enter 0 to exit.

Enter a request: > 37 4 spy 89

The property [89] is wrong.
Available properties: [BUZZ, DUCK, PALINDROMIC, GAPFUL, SPY, EVEN, ODD, SQUARE, SUNNY]

Enter a request: > 0

Goodbye!
?[1;31m
Start test 50?[0m
Welcome to Amazing Numbers!

Supported requests:
- enter a natural number to know its properties;
- enter two natural numbers to obtain the properties of the list:
  * the first parameter represents a starting number;
  * the second parameter shows how many consecutive numbers are to be printed;
- two natural numbers and a property to search for;
- two natural numbers and two properties to search for;
- separate the parameters with one space;
- enter 0 to exit.

Enter a request: > 67 2 DUCK +

The property [+] is wrong.
Available properties: [BUZZ, DUCK, PALINDROMIC, GAPFUL, SPY, EVEN, ODD, SQUARE, SUNNY]

Enter a request: > 0

Goodbye!
?[1;31m
Start test 51?[0m
Welcome to Amazing Numbers!

Supported requests:
- enter a natural number to know its properties;
- enter two natural numbers to obtain the properties of the list:
  * the first parameter represents a starting number;
  * the second parameter shows how many consecutive numbers are to be printed;
- two natural numbers and a property to search for;
- two natural numbers and two properties to search for;
- separate the parameters with one space;
- enter 0 to exit.

Enter a request: > 1 10 boy friend

The properties [BOY, FRIEND] are wrong.
Available properties: [BUZZ, DUCK, PALINDROMIC, GAPFUL, SPY, EVEN, ODD, SQUARE, SUNNY]

Enter a request: > 0

Goodbye!
?[1;31m
Start test 52?[0m
Welcome to Amazing Numbers!

Supported requests:
- enter a natural number to know its properties;
- enter two natural numbers to obtain the properties of the list:
  * the first parameter represents a starting number;
  * the second parameter shows how many consecutive numbers are to be printed;
- two natural numbers and a property to search for;
- two natural numbers and two properties to search for;
- separate the parameters with one space;
- enter 0 to exit.

Enter a request: > 40 2 long day

The properties [LONG, DAY] are wrong.
Available properties: [BUZZ, DUCK, PALINDROMIC, GAPFUL, SPY, EVEN, ODD, SQUARE, SUNNY]

Enter a request: > 0

Goodbye!
?[1;31m
Start test 53?[0m
Welcome to Amazing Numbers!

Supported requests:
- enter a natural number to know its properties;
- enter two natural numbers to obtain the properties of the list:
  * the first parameter represents a starting number;
  * the second parameter shows how many consecutive numbers are to be printed;
- two natural numbers and a property to search for;
- two natural numbers and two properties to search for;
- separate the parameters with one space;
- enter 0 to exit.

Enter a request: > 37 4 hot girl

The properties [HOT, GIRL] are wrong.
Available properties: [BUZZ, DUCK, PALINDROMIC, GAPFUL, SPY, EVEN, ODD, SQUARE, SUNNY]

Enter a request: > 0

Goodbye!
?[1;31m
Start test 54?[0m
Welcome to Amazing Numbers!

Supported requests:
- enter a natural number to know its properties;
- enter two natural numbers to obtain the properties of the list:
  * the first parameter represents a starting number;
  * the second parameter shows how many consecutive numbers are to be printed;
- two natural numbers and a property to search for;
- two natural numbers and two properties to search for;
- separate the parameters with one space;
- enter 0 to exit.

Enter a request: > 67 2 strong drake

The properties [STRONG, DRAKE] are wrong.
Available properties: [BUZZ, DUCK, PALINDROMIC, GAPFUL, SPY, EVEN, ODD, SQUARE, SUNNY]

Enter a request: > 0

Goodbye!
?[1;31m
Start test 55?[0m
Welcome to Amazing Numbers!

Supported requests:
- enter a natural number to know its properties;
- enter two natural numbers to obtain the properties of the list:
  * the first parameter represents a starting number;
  * the second parameter shows how many consecutive numbers are to be printed;
- two natural numbers and a property to search for;
- two natural numbers and two properties to search for;
- separate the parameters with one space;
- enter 0 to exit.

Enter a request: > 1 7 spy palindromic

1 is odd, palindromic, spy, square
2 is even, palindromic, spy
3 is odd, palindromic, spy, sunny
4 is even, palindromic, spy, square
5 is odd, palindromic, spy
6 is even, palindromic, spy
7 is odd, buzz, palindromic, spy
Enter a request: > 0

Goodbye!
?[1;31m
Start test 56?[0m
Welcome to Amazing Numbers!

Supported requests:
- enter a natural number to know its properties;
- enter two natural numbers to obtain the properties of the list:
  * the first parameter represents a starting number;
  * the second parameter shows how many consecutive numbers are to be printed;
- two natural numbers and a property to search for;
- two natural numbers and two properties to search for;
- separate the parameters with one space;
- enter 0 to exit.

Enter a request: > 1 10 palindromic buzz

7 is odd, buzz, palindromic, spy
77 is odd, buzz, palindromic
161 is odd, buzz, palindromic
252 is even, buzz, palindromic
343 is odd, buzz, palindromic
434 is even, buzz, palindromic
525 is odd, buzz, palindromic
595 is odd, buzz, palindromic
616 is even, buzz, palindromic
686 is even, buzz, palindromic
Enter a request: > 0

Goodbye!
?[1;31m
Start test 57?[0m
Welcome to Amazing Numbers!

Supported requests:
- enter a natural number to know its properties;
- enter two natural numbers to obtain the properties of the list:
  * the first parameter represents a starting number;
  * the second parameter shows how many consecutive numbers are to be printed;
- two natural numbers and a property to search for;
- two natural numbers and two properties to search for;
- separate the parameters with one space;
- enter 0 to exit.

Enter a request: > 1 9 even palindromic

2 is even, palindromic, spy
4 is even, palindromic, spy, square
6 is even, palindromic, spy
8 is even, palindromic, spy, sunny
22 is even, palindromic, spy
44 is even, palindromic
66 is even, palindromic
88 is even, palindromic
202 is even, duck, palindromic
Enter a request: > 0

Goodbye!
?[1;31m
Start test 58?[0m
Welcome to Amazing Numbers!

Supported requests:
- enter a natural number to know its properties;
- enter two natural numbers to obtain the properties of the list:
  * the first parameter represents a starting number;
  * the second parameter shows how many consecutive numbers are to be printed;
- two natural numbers and a property to search for;
- two natural numbers and two properties to search for;
- separate the parameters with one space;
- enter 0 to exit.

Enter a request: > 1 10 even sunny

8 is even, palindromic, spy, sunny
24 is even, sunny
48 is even, sunny
80 is even, duck, sunny
120 is even, duck, gapful, sunny
168 is even, buzz, sunny
224 is even, buzz, sunny
288 is even, sunny
360 is even, duck, gapful, sunny
440 is even, duck, gapful, sunny
Enter a request: > 0

Goodbye!
?[1;31m
Start test 59?[0m
Welcome to Amazing Numbers!

Supported requests:
- enter a natural number to know its properties;
- enter two natural numbers to obtain the properties of the list:
  * the first parameter represents a starting number;
  * the second parameter shows how many consecutive numbers are to be printed;
- two natural numbers and a property to search for;
- two natural numbers and two properties to search for;
- separate the parameters with one space;
- enter 0 to exit.

Enter a request: > 100000 2 buzz gapful

100016 is even, buzz, duck, gapful
100030 is even, buzz, duck, gapful
Enter a request: > 0

Goodbye!
?[1;31m
Start test 60?[0m
Welcome to Amazing Numbers!

Supported requests:
- enter a natural number to know its properties;
- enter two natural numbers to obtain the properties of the list:
  * the first parameter represents a starting number;
  * the second parameter shows how many consecutive numbers are to be printed;
- two natural numbers and a property to search for;
- two natural numbers and two properties to search for;
- separate the parameters with one space;
- enter 0 to exit.

Enter a request: > 100 4 odd spy

123 is odd, spy
213 is odd, spy
231 is odd, buzz, gapful, spy
321 is odd, spy
Enter a request: > 0

Goodbye!
?[1;31m
Start test 61?[0m
Welcome to Amazing Numbers!

Supported requests:
- enter a natural number to know its properties;
- enter two natural numbers to obtain the properties of the list:
  * the first parameter represents a starting number;
  * the second parameter shows how many consecutive numbers are to be printed;
- two natural numbers and a property to search for;
- two natural numbers and two properties to search for;
- separate the parameters with one space;
- enter 0 to exit.

Enter a request: > 2000 4 palindromic duck

2002 is even, buzz, duck, palindromic, gapful
3003 is odd, buzz, duck, palindromic, gapful
4004 is even, buzz, duck, palindromic, gapful
5005 is odd, buzz, duck, palindromic, gapful
Enter a request: > 0

Goodbye!
?[1;31m
Start test 62?[0m
Welcome to Amazing Numbers!

Supported requests:
- enter a natural number to know its properties;
- enter two natural numbers to obtain the properties of the list:
  * the first parameter represents a starting number;
  * the second parameter shows how many consecutive numbers are to be printed;
- two natural numbers and a property to search for;
- two natural numbers and two properties to search for;
- separate the parameters with one space;
- enter 0 to exit.

Enter a request: > 1 7 even spy

2 is even, palindromic, spy
4 is even, palindromic, spy, square
6 is even, palindromic, spy
8 is even, palindromic, spy, sunny
22 is even, palindromic, spy
132 is even, gapful, spy
312 is even, spy
Enter a request: > 0

Goodbye!
?[1;31m
Start test 63?[0m
Welcome to Amazing Numbers!

Supported requests:
- enter a natural number to know its properties;
- enter two natural numbers to obtain the properties of the list:
  * the first parameter represents a starting number;
  * the second parameter shows how many consecutive numbers are to be printed;
- two natural numbers and a property to search for;
- two natural numbers and two properties to search for;
- separate the parameters with one space;
- enter 0 to exit.

Enter a request: > 1 10 odd buzz

7 is odd, buzz, palindromic, spy
17 is odd, buzz
21 is odd, buzz
27 is odd, buzz
35 is odd, buzz, sunny
37 is odd, buzz
47 is odd, buzz
49 is odd, buzz, square
57 is odd, buzz
63 is odd, buzz, sunny
Enter a request: > 0

Goodbye!
?[1;31m
Start test 64?[0m
Welcome to Amazing Numbers!

Supported requests:
- enter a natural number to know its properties;
- enter two natural numbers to obtain the properties of the list:
  * the first parameter represents a starting number;
  * the second parameter shows how many consecutive numbers are to be printed;
- two natural numbers and a property to search for;
- two natural numbers and two properties to search for;
- separate the parameters with one space;
- enter 0 to exit.

Enter a request: > 1 9 buzz gapful

105 is odd, buzz, duck, gapful
140 is even, buzz, duck, gapful
154 is even, buzz, gapful
187 is odd, buzz, gapful
231 is odd, buzz, gapful, spy
280 is even, buzz, duck, gapful
297 is odd, buzz, gapful
315 is odd, buzz, gapful
385 is odd, buzz, gapful
Enter a request: > 0

Goodbye!
?[1;31m
Start test 65?[0m
Welcome to Amazing Numbers!

Supported requests:
- enter a natural number to know its properties;
- enter two natural numbers to obtain the properties of the list:
  * the first parameter represents a starting number;
  * the second parameter shows how many consecutive numbers are to be printed;
- two natural numbers and a property to search for;
- two natural numbers and two properties to search for;
- separate the parameters with one space;
- enter 0 to exit.

Enter a request: > 1 10 spy buzz

7 is odd, buzz, palindromic, spy
231 is odd, buzz, gapful, spy
1421 is odd, buzz, spy
2114 is even, buzz, spy
15211 is odd, buzz, spy
21511 is odd, buzz, spy
22211 is odd, buzz, spy
31311 is odd, buzz, spy
51121 is odd, buzz, spy
111216 is even, buzz, gapful, spy
Enter a request: > 0

Goodbye!
?[1;31m
Start test 66?[0m
Welcome to Amazing Numbers!

Supported requests:
- enter a natural number to know its properties;
- enter two natural numbers to obtain the properties of the list:
  * the first parameter represents a starting number;
  * the second parameter shows how many consecutive numbers are to be printed;
- two natural numbers and a property to search for;
- two natural numbers and two properties to search for;
- separate the parameters with one space;
- enter 0 to exit.

Enter a request: > 100000 2 even spy

111126 is even, spy
111162 is even, spy
Enter a request: > 0

Goodbye!
?[1;31m
Start test 67?[0m
Welcome to Amazing Numbers!

Supported requests:
- enter a natural number to know its properties;
- enter two natural numbers to obtain the properties of the list:
  * the first parameter represents a starting number;
  * the second parameter shows how many consecutive numbers are to be printed;
- two natural numbers and a property to search for;
- two natural numbers and two properties to search for;
- separate the parameters with one space;
- enter 0 to exit.

Enter a request: > 100 4 odd gapful

105 is odd, buzz, duck, gapful
121 is odd, palindromic, gapful, square
135 is odd, gapful
143 is odd, gapful, sunny
Enter a request: > 0

Goodbye!
?[1;31m
Start test 68?[0m
Welcome to Amazing Numbers!

Supported requests:
- enter a natural number to know its properties;
- enter two natural numbers to obtain the properties of the list:
  * the first parameter represents a starting number;
  * the second parameter shows how many consecutive numbers are to be printed;
- two natural numbers and a property to search for;
- two natural numbers and two properties to search for;
- separate the parameters with one space;
- enter 0 to exit.

Enter a request: > 2000 4 palindromic duck

2002 is even, buzz, duck, palindromic, gapful
3003 is odd, buzz, duck, palindromic, gapful
4004 is even, buzz, duck, palindromic, gapful
5005 is odd, buzz, duck, palindromic, gapful
Enter a request: > 0

Goodbye!
?[1;31m
Start test 69?[0m
Welcome to Amazing Numbers!

Supported requests:
- enter a natural number to know its properties;
- enter two natural numbers to obtain the properties of the list:
  * the first parameter represents a starting number;
  * the second parameter shows how many consecutive numbers are to be printed;
- two natural numbers and a property to search for;
- two natural numbers and two properties to search for;
- separate the parameters with one space;
- enter 0 to exit.

Enter a request: > 4622 6 drake

The property [DRAKE] is wrong.
Available properties: [BUZZ, DUCK, PALINDROMIC, GAPFUL, SPY, EVEN, ODD, SQUARE, SUNNY]

Enter a request: > 0

Goodbye!
?[1;31m
Start test 70?[0m
Welcome to Amazing Numbers!

Supported requests:
- enter a natural number to know its properties;
- enter two natural numbers to obtain the properties of the list:
  * the first parameter represents a starting number;
  * the second parameter shows how many consecutive numbers are to be printed;
- two natural numbers and a property to search for;
- two natural numbers and two properties to search for;
- separate the parameters with one space;
- enter 0 to exit.

Enter a request: > 20211 3 &hj

The property [&HJ] is wrong.
Available properties: [BUZZ, DUCK, PALINDROMIC, GAPFUL, SPY, EVEN, ODD, SQUARE, SUNNY]

Enter a request: > 0

Goodbye!
?[1;31m
Start test 71?[0m
Welcome to Amazing Numbers!

Supported requests:
- enter a natural number to know its properties;
- enter two natural numbers to obtain the properties of the list:
  * the first parameter represents a starting number;
  * the second parameter shows how many consecutive numbers are to be printed;
- two natural numbers and a property to search for;
- two natural numbers and two properties to search for;
- separate the parameters with one space;
- enter 0 to exit.

Enter a request: > 8330 11 gipful

The property [GIPFUL] is wrong.
Available properties: [BUZZ, DUCK, PALINDROMIC, GAPFUL, SPY, EVEN, ODD, SQUARE, SUNNY]

Enter a request: > 0

Goodbye!
?[1;31m
Start test 72?[0m
Welcome to Amazing Numbers!

Supported requests:
- enter a natural number to know its properties;
- enter two natural numbers to obtain the properties of the list:
  * the first parameter represents a starting number;
  * the second parameter shows how many consecutive numbers are to be printed;
- two natural numbers and a property to search for;
- two natural numbers and two properties to search for;
- separate the parameters with one space;
- enter 0 to exit.

Enter a request: > 6448 15 simple

The property [SIMPLE] is wrong.
Available properties: [BUZZ, DUCK, PALINDROMIC, GAPFUL, SPY, EVEN, ODD, SQUARE, SUNNY]

Enter a request: > 0

Goodbye!
?[1;31m
Start test 73?[0m
Welcome to Amazing Numbers!

Supported requests:
- enter a natural number to know its properties;
- enter two natural numbers to obtain the properties of the list:
  * the first parameter represents a starting number;
  * the second parameter shows how many consecutive numbers are to be printed;
- two natural numbers and a property to search for;
- two natural numbers and two properties to search for;
- separate the parameters with one space;
- enter 0 to exit.

Enter a request: > 28131 6 bAY

The property [BAY] is wrong.
Available properties: [BUZZ, DUCK, PALINDROMIC, GAPFUL, SPY, EVEN, ODD, SQUARE, SUNNY]

Enter a request: > 0

Goodbye!
?[1;31m
Start test 74?[0m
Welcome to Amazing Numbers!

Supported requests:
- enter a natural number to know its properties;
- enter two natural numbers to obtain the properties of the list:
  * the first parameter represents a starting number;
  * the second parameter shows how many consecutive numbers are to be printed;
- two natural numbers and a property to search for;
- two natural numbers and two properties to search for;
- separate the parameters with one space;
- enter 0 to exit.

Enter a request: > 18293 11 BUZZ ~~

The property [~~] is wrong.
Available properties: [BUZZ, DUCK, PALINDROMIC, GAPFUL, SPY, EVEN, ODD, SQUARE, SUNNY]

Enter a request: > 0

Goodbye!
?[1;31m
Start test 75?[0m
Welcome to Amazing Numbers!

Supported requests:
- enter a natural number to know its properties;
- enter two natural numbers to obtain the properties of the list:
  * the first parameter represents a starting number;
  * the second parameter shows how many consecutive numbers are to be printed;
- two natural numbers and a property to search for;
- two natural numbers and two properties to search for;
- separate the parameters with one space;
- enter 0 to exit.

Enter a request: > 25725 18 speck EVEN

The property [SPECK] is wrong.
Available properties: [BUZZ, DUCK, PALINDROMIC, GAPFUL, SPY, EVEN, ODD, SQUARE, SUNNY]

Enter a request: > 0

Goodbye!
?[1;31m
Start test 76?[0m
Welcome to Amazing Numbers!

Supported requests:
- enter a natural number to know its properties;
- enter two natural numbers to obtain the properties of the list:
  * the first parameter represents a starting number;
  * the second parameter shows how many consecutive numbers are to be printed;
- two natural numbers and a property to search for;
- two natural numbers and two properties to search for;
- separate the parameters with one space;
- enter 0 to exit.

Enter a request: > 27378 6 evens

The property [EVENS] is wrong.
Available properties: [BUZZ, DUCK, PALINDROMIC, GAPFUL, SPY, EVEN, ODD, SQUARE, SUNNY]

Enter a request: > 0

Goodbye!
?[1;31m
Start test 77?[0m
Welcome to Amazing Numbers!

Supported requests:
- enter a natural number to know its properties;
- enter two natural numbers to obtain the properties of the list:
  * the first parameter represents a starting number;
  * the second parameter shows how many consecutive numbers are to be printed;
- two natural numbers and a property to search for;
- two natural numbers and two properties to search for;
- separate the parameters with one space;
- enter 0 to exit.

Enter a request: > 4586 7 simple

The property [SIMPLE] is wrong.
Available properties: [BUZZ, DUCK, PALINDROMIC, GAPFUL, SPY, EVEN, ODD, SQUARE, SUNNY]

Enter a request: > 0

Goodbye!
?[1;31m
Start test 78?[0m
Welcome to Amazing Numbers!

Supported requests:
- enter a natural number to know its properties;
- enter two natural numbers to obtain the properties of the list:
  * the first parameter represents a starting number;
  * the second parameter shows how many consecutive numbers are to be printed;
- two natural numbers and a property to search for;
- two natural numbers and two properties to search for;
- separate the parameters with one space;
- enter 0 to exit.

Enter a request: > 6029 19 ...

The property [...] is wrong.
Available properties: [BUZZ, DUCK, PALINDROMIC, GAPFUL, SPY, EVEN, ODD, SQUARE, SUNNY]

Enter a request: > 0

Goodbye!
?[1;31m
Start test 79?[0m
Welcome to Amazing Numbers!

Supported requests:
- enter a natural number to know its properties;
- enter two natural numbers to obtain the properties of the list:
  * the first parameter represents a starting number;
  * the second parameter shows how many consecutive numbers are to be printed;
- two natural numbers and a property to search for;
- two natural numbers and two properties to search for;
- separate the parameters with one space;
- enter 0 to exit.

Enter a request: > 5 1 odd even

The request contains mutually exclusive properties: [ODD, EVEN]
There are no numbers with these properties.

Enter a request: > 0

Goodbye!
?[1;31m
Start test 80?[0m
Welcome to Amazing Numbers!

Supported requests:
- enter a natural number to know its properties;
- enter two natural numbers to obtain the properties of the list:
  * the first parameter represents a starting number;
  * the second parameter shows how many consecutive numbers are to be printed;
- two natural numbers and a property to search for;
- two natural numbers and two properties to search for;
- separate the parameters with one space;
- enter 0 to exit.

Enter a request: > 4 3 even odd

The request contains mutually exclusive properties: [EVEN, ODD]
There are no numbers with these properties.

Enter a request: > 0

Goodbye!
?[1;31m
Start test 81?[0m
Welcome to Amazing Numbers!

Supported requests:
- enter a natural number to know its properties;
- enter two natural numbers to obtain the properties of the list:
  * the first parameter represents a starting number;
  * the second parameter shows how many consecutive numbers are to be printed;
- two natural numbers and a property to search for;
- two natural numbers and two properties to search for;
- separate the parameters with one space;
- enter 0 to exit.

Enter a request: > 32 2 sunny square

The request contains mutually exclusive properties: [SUNNY, SQUARE]
There are no numbers with these properties.

Enter a request: > 0

Goodbye!
?[1;31m
Start test 82?[0m
Welcome to Amazing Numbers!

Supported requests:
- enter a natural number to know its properties;
- enter two natural numbers to obtain the properties of the list:
  * the first parameter represents a starting number;
  * the second parameter shows how many consecutive numbers are to be printed;
- two natural numbers and a property to search for;
- two natural numbers and two properties to search for;
- separate the parameters with one space;
- enter 0 to exit.

Enter a request: > 2341 4 square sunny

The request contains mutually exclusive properties: [SQUARE, SUNNY]
There are no numbers with these properties.

Enter a request: > 0

Goodbye!
?[1;31m
Start test 83?[0m
Welcome to Amazing Numbers!

Supported requests:
- enter a natural number to know its properties;
- enter two natural numbers to obtain the properties of the list:
  * the first parameter represents a starting number;
  * the second parameter shows how many consecutive numbers are to be printed;
- two natural numbers and a property to search for;
- two natural numbers and two properties to search for;
- separate the parameters with one space;
- enter 0 to exit.

Enter a request: > 3153 2 spy duck

The request contains mutually exclusive properties: [SPY, DUCK]
There are no numbers with these properties.

Enter a request: > 0

Goodbye!
?[1;31m
Start test 84?[0m
Welcome to Amazing Numbers!

Supported requests:
- enter a natural number to know its properties;
- enter two natural numbers to obtain the properties of the list:
  * the first parameter represents a starting number;
  * the second parameter shows how many consecutive numbers are to be printed;
- two natural numbers and a property to search for;
- two natural numbers and two properties to search for;
- separate the parameters with one space;
- enter 0 to exit.

Enter a request: > 6 7 duck spy

The request contains mutually exclusive properties: [DUCK, SPY]
There are no numbers with these properties.

Enter a request: > 0

Goodbye!
]]></system-out>
  <system-err><![CDATA[]]></system-err>
</testsuite>
